<?xml version="1.0" encoding="UTF-8"?>
<!-- Generated by org.testng.reporters.JUnitReportReporter -->
<testsuite skipped="0" hostname="PRIYANKA-PC" name="linkdin.TC_Login" tests="1" failures="0" timestamp="23 Feb 2018 15:50:57 GMT" time="6.027" errors="0">
  <testcase name="login" time="6.027" classname="linkdin.TC_Login"/>
</testsuite> <!-- linkdin.TC_Login -->
