<?xml version="1.0" encoding="UTF-8"?>
<!-- Generated by org.testng.reporters.JUnitReportReporter -->
<testsuite skipped="0" hostname="PRIYANKA-PC" name="linkdin.TC_Login" tests="1" failures="0" timestamp="20 Feb 2018 17:30:32 GMT" time="5.681" errors="0">
  <testcase name="login" time="5.681" classname="linkdin.TC_Login"/>
</testsuite> <!-- linkdin.TC_Login -->
